<?xml version="1.0" encoding="utf-8"?><testsuites name="pytest tests"><testsuite name="pytest" errors="0" failures="0" skipped="0" tests="269" time="4.802" timestamp="2025-09-20T22:39:25.600234+09:00" hostname="G-tune-i712700K"><testcase classname="tests.unit.test_auth.TestGraphAuthenticator" name="test_init" time="0.002" /><testcase classname="tests.unit.test_auth.TestGraphAuthenticator" name="test_get_access_token_success" time="0.001" /><testcase classname="tests.unit.test_auth.TestGraphAuthenticator" name="test_get_access_token_failure" time="0.001" /><testcase classname="tests.unit.test_auth.TestGraphAuthenticator" name="test_get_access_token_no_token" time="0.001" /><testcase classname="tests.unit.test_config_manager.TestConfigManager" name="test_get_config_with_default" time="0.001" /><testcase classname="tests.unit.test_config_manager.TestConfigManager" name="test_get_config_with_missing_key" time="0.001" /><testcase classname="tests.unit.test_config_manager.TestConfigManager" name="test_get_config_with_missing_file" time="0.001" /><testcase classname="tests.unit.test_config_manager.TestConfigManager" name="test_get_chunk_size_mb" time="0.001" /><testcase classname="tests.unit.test_config_manager.TestConfigManager" name="test_get_large_file_threshold_mb" time="0.001" /><testcase classname="tests.unit.test_config_manager.TestConfigManager" name="test_get_config_with_invalid_json" time="0.001" /><testcase classname="tests.unit.test_config_manager.TestConfigManager" name="test_config_manager_direct_instantiation" time="0.000" /><testcase classname="tests.unit.test_config_manager.TestConfigManager" name="test_config_manager_invalid_json_file" time="0.000" /><testcase classname="tests.unit.test_config_manager.TestConfigManager" name="test_config_manager_get_with_env_override" time="0.001" /><testcase classname="tests.unit.test_config_manager.TestConfigManager" name="test_config_manager_get_with_empty_env_value" time="0.001" /><testcase classname="tests.unit.test_config_manager.TestConfigManager" name="test_config_manager_get_with_empty_config_value" time="0.001" /><testcase classname="tests.unit.test_config_manager.TestConfigManager" name="test_config_manager_get_with_none_config_value" time="0.000" /><testcase classname="tests.unit.test_config_manager.TestConfigManager" name="test_shortcut_functions_coverage" time="0.001" /><testcase classname="tests.unit.test_config_manager.TestSecureConfigManager" name="test_is_sensitive_key" time="0.000" /><testcase classname="tests.unit.test_config_manager.TestSecureConfigManager" name="test_mask_value" time="0.000" /><testcase classname="tests.unit.test_config_manager.TestSecureConfigManager" name="test_get_masked_config" time="0.001" /><testcase classname="tests.unit.test_config_manager.TestSecureConfigManager" name="test_get_all_config" time="0.001" /><testcase classname="tests.unit.test_config_manager.TestSecureConfigManager" name="test_mask_sensitive_data" time="0.001" /><testcase classname="tests.unit.test_config_manager.TestSecureConfigManager" name="test_mask_sensitive_data_empty_input" time="0.001" /><testcase classname="tests.unit.test_config_manager.TestSecureConfigManager" name="test_validate_env_file_security" time="0.003" /><testcase classname="tests.unit.test_config_manager.TestSecureConfigManager" name="test_validate_env_file_security_missing_setup" time="0.002" /><testcase classname="tests.unit.test_filelock.TestFileLock" name="test_init" time="0.000" /><testcase classname="tests.unit.test_filelock.TestFileLock" name="test_init_default_timeout" time="0.000" /><testcase classname="tests.unit.test_filelock.TestFileLock" name="test_acquire_success" time="0.001" /><testcase classname="tests.unit.test_filelock.TestFileLock" name="test_acquire_timeout" time="0.001" /><testcase classname="tests.unit.test_filelock.TestFileLock" name="test_acquire_retry_then_success" time="0.001" /><testcase classname="tests.unit.test_filelock.TestFileLock" name="test_acquire_non_eexist_error" time="0.001" /><testcase classname="tests.unit.test_filelock.TestFileLock" name="test_release_with_fd" time="0.001" /><testcase classname="tests.unit.test_filelock.TestFileLock" name="test_release_without_fd" time="0.001" /><testcase classname="tests.unit.test_filelock.TestFileLock" name="test_context_manager_success" time="0.001" /><testcase classname="tests.unit.test_filelock.TestFileLock" name="test_context_manager_with_exception" time="0.001" /><testcase classname="tests.unit.test_filelock.TestFileLock" name="test_integration_with_real_files" time="1.002" /><testcase classname="tests.unit.test_filelock.TestFileLock" name="test_integration_context_manager_with_real_files" time="1.002" /><testcase classname="tests.unit.test_filelock.TestFileLock" name="test_multiple_locks_different_files" time="0.001" /><testcase classname="tests.unit.test_logger.TestLogger" name="test_log_transfer_start" time="0.001" /><testcase classname="tests.unit.test_logger.TestLogger" name="test_log_transfer_success" time="0.001" /><testcase classname="tests.unit.test_logger.TestLogger" name="test_log_transfer_success_with_elapsed" time="0.001" /><testcase classname="tests.unit.test_logger.TestLogger" name="test_log_transfer_error" time="0.001" /><testcase classname="tests.unit.test_logger.TestLogger" name="test_log_transfer_error_with_retry" time="0.001" /><testcase classname="tests.unit.test_logger.TestLogger" name="test_log_transfer_skip" time="0.001" /><testcase classname="tests.unit.test_logger.TestSecureLogger" name="test_mask_sensitive_data_client_secret" time="0.002" /><testcase classname="tests.unit.test_logger.TestSecureLogger" name="test_mask_sensitive_data_access_token" time="0.000" /><testcase classname="tests.unit.test_logger.TestSecureLogger" name="test_mask_sensitive_data_bearer_token" time="0.000" /><testcase classname="tests.unit.test_logger.TestSecureLogger" name="test_mask_sensitive_data_json_format" time="0.001" /><testcase classname="tests.unit.test_logger.TestSecureLogger" name="test_mask_sensitive_data_multiple_patterns" time="0.001" /><testcase classname="tests.unit.test_logger.TestSecureLogger" name="test_mask_sensitive_data_empty_input" time="0.000" /><testcase classname="tests.unit.test_logger.TestSecureLogger" name="test_log_levels" time="0.001" /><testcase classname="tests.unit.test_logger.TestSecureLogger" name="test_log_transfer_methods" time="0.001" /><testcase classname="tests.unit.test_logger.TestSecureLogger" name="test_log_auth_event" time="0.001" /><testcase classname="tests.unit.test_logger.TestSecureLogger" name="test_log_auth_event_without_details" time="0.001" /><testcase classname="tests.unit.test_logger.TestSecureLogger" name="test_setup_logger_with_config" time="0.001" /><testcase classname="tests.unit.test_logger.TestSecureLogger" name="test_setup_logger_import_error_fallback" time="0.001" /><testcase classname="tests.unit.test_logger.TestSecureLogger" name="test_setup_logger_import_error_with_log_path_param" time="0.001" /><testcase classname="tests.unit.test_logger.TestSecureLogger" name="test_module_level_import_error_fallback" time="0.000" /><testcase classname="tests.unit.test_logger.TestSecureLogger" name="test_setup_logger_import_error_default_values" time="0.001" /><testcase classname="tests.unit.test_logger.TestSecureLogger" name="test_logger_initialization_with_different_log_levels" time="0.005" /><testcase classname="tests.unit.test_logger.TestSecureLogger" name="test_secure_logger_with_none_message" time="0.000" /><testcase classname="tests.unit.test_logger.TestSecureLogger" name="test_secure_logger_case_insensitive_masking" time="0.000" /><testcase classname="tests.unit.test_main.TestRetryWithBackoff" name="test_success_on_first_attempt" time="0.000" /><testcase classname="tests.unit.test_main.TestRetryWithBackoff" name="test_success_after_retries" time="0.002" /><testcase classname="tests.unit.test_main.TestRetryWithBackoff" name="test_max_retries_exceeded" time="0.001" /><testcase classname="tests.unit.test_main.TestRetryWithBackoff" name="test_non_retryable_exception" time="0.000" /><testcase classname="tests.unit.test_main.TestConfigHash" name="test_get_current_config_hash" time="0.001" /><testcase classname="tests.unit.test_main.TestConfigHash" name="test_get_current_config_hash_with_none_values" time="0.001" /><testcase classname="tests.unit.test_main.TestConfigHash" name="test_check_config_changed_no_hash_file" time="0.002" /><testcase classname="tests.unit.test_main.TestConfigHash" name="test_check_config_changed_same_hash" time="0.002" /><testcase classname="tests.unit.test_main.TestConfigHash" name="test_check_config_changed_different_hash" time="0.002" /><testcase classname="tests.unit.test_main.TestClearLogsAndUpdateConfig" name="test_clear_logs_and_update_config" time="0.003" /><testcase classname="tests.unit.test_main.TestGetOneDriveFiles" name="test_get_onedrive_files_from_cache" time="0.002" /><testcase classname="tests.unit.test_main.TestGetOneDriveFiles" name="test_get_onedrive_files_force_crawl" time="0.004" /><testcase classname="tests.unit.test_main.TestGetOneDriveFiles" name="test_get_onedrive_files_missing_env_vars" time="0.002" /><testcase classname="tests.unit.test_main.TestRebuildSkipList" name="test_rebuild_skip_list_with_provided_files" time="0.002" /><testcase classname="tests.unit.test_main.TestRebuildSkipList" name="test_rebuild_skip_list_without_provided_files" time="0.002" /><testcase classname="tests.unit.test_main.TestTransferFile" name="test_transfer_file_success" time="0.002" /><testcase classname="tests.unit.test_main.TestTransferFile" name="test_transfer_file_failure_with_retries" time="0.001" /><testcase classname="tests.unit.test_main.TestRunTransfer" name="test_run_transfer_success" time="0.002" /><testcase classname="tests.unit.test_main.TestRunTransfer" name="test_run_transfer_missing_env_vars" time="0.001" /><testcase classname="tests.unit.test_main.TestMain" name="test_main_reset_option" time="0.002" /><testcase classname="tests.unit.test_main.TestMain" name="test_main_full_rebuild_option" time="0.002" /><testcase classname="tests.unit.test_main.TestMain" name="test_main_default_with_skip_list_exists" time="0.001" /><testcase classname="tests.unit.test_main.TestMain" name="test_main_default_without_skip_list" time="0.002" /><testcase classname="tests.unit.test_main.TestMain" name="test_main_config_changed" time="0.001" /><testcase classname="tests.unit.test_quality_alerts.TestQualityThresholds" name="test_quality_thresholds_default" time="0.000" /><testcase classname="tests.unit.test_quality_alerts.TestQualityThresholds" name="test_quality_thresholds_custom" time="0.000" /><testcase classname="tests.unit.test_quality_alerts.TestQualityThresholds" name="test_quality_thresholds_to_dict" time="0.000" /><testcase classname="tests.unit.test_quality_alerts.TestQualityAlert" name="test_quality_alert_creation" time="0.000" /><testcase classname="tests.unit.test_quality_alerts.TestQualityAlert" name="test_quality_alert_to_dict" time="0.000" /><testcase classname="tests.unit.test_quality_alerts.TestReviewReport" name="test_review_report_creation" time="0.000" /><testcase classname="tests.unit.test_quality_alerts.TestReviewReport" name="test_review_report_to_json" time="0.000" /><testcase classname="tests.unit.test_quality_alerts.TestQualityAlertSystem" name="test_alert_system_initialization" time="0.001" /><testcase classname="tests.unit.test_quality_alerts.TestQualityAlertSystem" name="test_check_quality_thresholds_no_alerts" time="0.001" /><testcase classname="tests.unit.test_quality_alerts.TestQualityAlertSystem" name="test_check_quality_thresholds_with_alerts" time="0.001" /><testcase classname="tests.unit.test_quality_alerts.TestQualityAlertSystem" name="test_save_alerts" time="0.001" /><testcase classname="tests.unit.test_quality_alerts.TestQualityAlertSystem" name="test_save_alerts_empty" time="0.001" /><testcase classname="tests.unit.test_quality_alerts.TestQualityAlertSystem" name="test_generate_monthly_report" time="0.001" /><testcase classname="tests.unit.test_quality_alerts.TestQualityAlertSystem" name="test_send_alert_notification_no_email_config" time="0.001" /><testcase classname="tests.unit.test_quality_alerts.TestQualityAlertSystem" name="test_send_alert_notification_empty_alerts" time="0.001" /><testcase classname="tests.unit.test_quality_alerts.TestQualityAlertSystem" name="test_send_alert_notification_no_email_available" time="0.001" /><testcase classname="tests.unit.test_quality_alerts.TestQualityAlertSystem" name="test_send_alert_notification_success" time="0.002" /><testcase classname="tests.unit.test_quality_alerts.TestQualityAlertSystem" name="test_send_alert_notification_no_smtp_server" time="0.001" /><testcase classname="tests.unit.test_quality_alerts.TestQualityAlertSystem" name="test_send_alert_notification_smtp_error" time="0.001" /><testcase classname="tests.unit.test_quality_alerts.TestQualityAlertSystem" name="test_send_alert_notification_without_auth" time="0.001" /><testcase classname="tests.unit.test_quality_alerts.TestQualityAlertSystem" name="test_create_alert_email_body" time="0.001" /><testcase classname="tests.unit.test_quality_alerts.TestQualityAlertSystem" name="test_create_alert_email_body_single_severity" time="0.001" /><testcase classname="tests.unit.test_quality_alerts.TestQualityAlertSystem" name="test_generate_quarterly_report_default" time="0.001" /><testcase classname="tests.unit.test_quality_alerts.TestQualityAlertSystem" name="test_generate_quarterly_report_custom" time="0.001" /><testcase classname="tests.unit.test_quality_alerts.TestQualityAlertSystem" name="test_generate_semi_annual_report_default" time="0.001" /><testcase classname="tests.unit.test_quality_alerts.TestQualityAlertSystem" name="test_generate_semi_annual_report_custom" time="0.001" /><testcase classname="tests.unit.test_quality_alerts.TestQualityAlertSystem" name="test_generate_recommendations" time="0.001" /><testcase classname="tests.unit.test_quality_alerts.TestQualityAlertSystem" name="test_save_report" time="0.001" /><testcase classname="tests.unit.test_quality_alerts.TestQualityAlertSystem" name="test_generate_quarterly_report" time="0.001" /><testcase classname="tests.unit.test_quality_alerts.TestQualityAlertSystem" name="test_generate_semi_annual_report" time="0.001" /><testcase classname="tests.unit.test_quality_alerts.TestQualityAlertSystem" name="test_send_alert_email_no_smtp" time="0.001" /><testcase classname="tests.unit.test_quality_alerts.TestQualityAlertSystem" name="test_calculate_trends_empty_data" time="0.001" /><testcase classname="tests.unit.test_quality_alerts.TestQualityAlertSystem" name="test_calculate_trends_single_data_point" time="0.001" /><testcase classname="tests.unit.test_quality_alerts.TestQualityAlertSystem" name="test_generate_recommendations_no_issues" time="0.001" /><testcase classname="tests.unit.test_quality_alerts.TestQualityAlertSystem" name="test_calculate_metrics_summary_empty_data" time="0.001" /><testcase classname="tests.unit.test_quality_alerts.TestQualityAlertSystem" name="test_create_alert_email_body_empty_alerts" time="0.001" /><testcase classname="tests.unit.test_quality_metrics.TestQualityMetrics" name="test_quality_metrics_to_dict" time="0.000" /><testcase classname="tests.unit.test_quality_metrics.TestQualityMetrics" name="test_quality_metrics_to_json" time="0.000" /><testcase classname="tests.unit.test_quality_metrics.TestQualityMetrics" name="test_quality_metrics_zero_tests" time="0.000" /><testcase classname="tests.unit.test_quality_metrics.TestPhaseProgress" name="test_phase_progress_to_dict" time="0.000" /><testcase classname="tests.unit.test_quality_metrics.TestQualityMetricsCollector" name="test_collector_initialization" time="0.001" /><testcase classname="tests.unit.test_quality_metrics.TestQualityMetricsCollector" name="test_collect_coverage_metrics_success" time="0.001" /><testcase classname="tests.unit.test_quality_metrics.TestQualityMetricsCollector" name="test_collect_coverage_metrics_failure" time="0.001" /><testcase classname="tests.unit.test_quality_metrics.TestQualityMetricsCollector" name="test_collect_coverage_metrics_timeout" time="0.001" /><testcase classname="tests.unit.test_quality_metrics.TestQualityMetricsCollector" name="test_collect_coverage_metrics_subprocess_error" time="0.001" /><testcase classname="tests.unit.test_quality_metrics.TestQualityMetricsCollector" name="test_collect_coverage_metrics_file_not_found" time="0.001" /><testcase classname="tests.unit.test_quality_metrics.TestQualityMetricsCollector" name="test_collect_coverage_metrics_json_decode_error" time="0.001" /><testcase classname="tests.unit.test_quality_metrics.TestQualityMetricsCollector" name="test_collect_lint_metrics" time="0.001" /><testcase classname="tests.unit.test_quality_metrics.TestQualityMetricsCollector" name="test_collect_lint_metrics_timeout" time="0.001" /><testcase classname="tests.unit.test_quality_metrics.TestQualityMetricsCollector" name="test_collect_lint_metrics_json_error" time="0.001" /><testcase classname="tests.unit.test_quality_metrics.TestQualityMetricsCollector" name="test_collect_type_check_metrics_timeout" time="0.001" /><testcase classname="tests.unit.test_quality_metrics.TestQualityMetricsCollector" name="test_collect_security_metrics_timeout" time="0.001" /><testcase classname="tests.unit.test_quality_metrics.TestQualityMetricsCollector" name="test_collect_security_metrics_json_error" time="0.001" /><testcase classname="tests.unit.test_quality_metrics.TestQualityMetricsCollector" name="test_collect_test_metrics_timeout" time="0.001" /><testcase classname="tests.unit.test_quality_metrics.TestQualityMetricsCollector" name="test_collect_test_metrics_no_match" time="0.001" /><testcase classname="tests.unit.test_quality_metrics.TestQualityMetricsCollector" name="test_collect_type_check_metrics" time="0.001" /><testcase classname="tests.unit.test_quality_metrics.TestQualityMetricsCollector" name="test_collect_security_metrics" time="0.001" /><testcase classname="tests.unit.test_quality_metrics.TestQualityMetricsCollector" name="test_collect_test_metrics" time="0.001" /><testcase classname="tests.unit.test_quality_metrics.TestQualityMetricsCollector" name="test_save_and_load_metrics" time="0.001" /><testcase classname="tests.unit.test_quality_metrics.TestQualityMetricsCollector" name="test_compare_metrics_improvement" time="0.000" /><testcase classname="tests.unit.test_quality_metrics.TestQualityMetricsCollector" name="test_compare_metrics_first_time" time="0.001" /><testcase classname="tests.unit.test_quality_metrics.TestQualityMetricsCollector" name="test_collect_all_metrics" time="0.001" /><testcase classname="tests.unit.test_quality_metrics.TestQualityMetricsCollector" name="test_load_metrics_file_not_found" time="0.001" /><testcase classname="tests.unit.test_quality_metrics.TestQualityMetricsCollector" name="test_load_metrics_json_error" time="0.001" /><testcase classname="tests.unit.test_quality_metrics.TestQualityMetricsCollector" name="test_compare_metrics_degradation" time="0.001" /><testcase classname="tests.unit.test_rebuild_skip_list.TestCrawlSharepoint" name="test_crawl_sharepoint_success" time="0.004" /><testcase classname="tests.unit.test_rebuild_skip_list.TestCrawlSharepoint" name="test_crawl_sharepoint_missing_env_vars" time="0.001" /><testcase classname="tests.unit.test_rebuild_skip_list.TestCrawlSharepoint" name="test_crawl_sharepoint_large_file_list" time="0.517" /><testcase classname="tests.unit.test_rebuild_skip_list.TestCrawlOnedrive" name="test_crawl_onedrive_success" time="0.003" /><testcase classname="tests.unit.test_rebuild_skip_list.TestCrawlOnedrive" name="test_crawl_onedrive_missing_env_vars" time="0.002" /><testcase classname="tests.unit.test_rebuild_skip_list.TestCreateSkipListFromSharepoint" name="test_create_skip_list_success" time="0.003" /><testcase classname="tests.unit.test_rebuild_skip_list.TestCreateSkipListFromSharepoint" name="test_create_skip_list_no_matches" time="0.003" /><testcase classname="tests.unit.test_rebuild_skip_list.TestCreateSkipListFromSharepoint" name="test_create_skip_list_empty_inputs" time="0.002" /><testcase classname="tests.unit.test_rebuild_skip_list.TestCreateSkipListFromSharepoint" name="test_create_skip_list_path_conversion" time="0.002" /><testcase classname="tests.unit.test_rebuild_skip_list.TestCreateSkipListFromSharepoint" name="test_create_skip_list_with_config_manager_import_error" time="0.002" /><testcase classname="tests.unit.test_rebuild_skip_list.TestMainExecution" name="test_main_execution_flow" time="0.001" /><testcase classname="tests.unit.test_settings.TestConfigManagerSettings" name="test_config_file_not_found" time="0.001" /><testcase classname="tests.unit.test_settings.TestConfigManagerSettings" name="test_config_invalid_json" time="0.001" /><testcase classname="tests.unit.test_settings.TestConfigManagerSettings" name="test_chunk_size_mb_default" time="0.001" /><testcase classname="tests.unit.test_settings.TestConfigManagerSettings" name="test_large_file_threshold_default" time="0.001" /><testcase classname="tests.unit.test_settings.TestConfigManagerSettings" name="test_config_all_keys" time="0.001" /><testcase classname="tests.unit.test_skiplist.TestSkipList" name="test_load_skip_list_existing_file" time="0.002" /><testcase classname="tests.unit.test_skiplist.TestSkipList" name="test_load_skip_list_missing_file" time="0.001" /><testcase classname="tests.unit.test_skiplist.TestSkipList" name="test_is_skipped_true" time="0.000" /><testcase classname="tests.unit.test_skiplist.TestSkipList" name="test_is_skipped_false" time="0.000" /><testcase classname="tests.unit.test_skiplist.TestSkipList" name="test_add_to_skip_list" time="0.001" /><testcase classname="tests.unit.test_skiplist.TestSkipList" name="test_add_to_skip_list_duplicate" time="0.001" /><testcase classname="tests.unit.test_skiplist.TestSkipList" name="test_save_skip_list" time="0.003" /><testcase classname="tests.unit.test_skiplist.TestSkipList" name="test_save_skip_list_with_directory_creation" time="0.003" /><testcase classname="tests.unit.test_structured_logger.TestStructuredLogger" name="test_structured_logger_initialization" time="0.000" /><testcase classname="tests.unit.test_structured_logger.TestStructuredLogger" name="test_log_with_fixed_utc_time" time="0.001" /><testcase classname="tests.unit.test_structured_logger.TestStructuredLogger" name="test_mask_sensitive_data" time="0.000" /><testcase classname="tests.unit.test_structured_logger.TestStructuredLogger" name="test_generate_trace_id" time="0.000" /><testcase classname="tests.unit.test_structured_logger.TestStructuredLogger" name="test_get_structured_logger_function" time="0.000" /><testcase classname="tests.unit.test_structured_logger.TestStructuredLogger" name="test_log_transfer_event_with_utc_time" time="0.001" /><testcase classname="tests.unit.test_structured_logger.TestStructuredLogger" name="test_log_with_none_values" time="0.001" /><testcase classname="tests.unit.test_structured_logger.TestStructuredLogger" name="test_required_fields_present" time="0.001" /><testcase classname="tests.unit.test_structured_logger.TestStructuredLogger" name="test_pii_masking" time="0.001" /><testcase classname="tests.unit.test_structured_logger.TestStructuredLogger" name="test_span_id_generation" time="0.000" /><testcase classname="tests.unit.test_transfer.TestGraphTransferClient" name="test_upload_file_to_sharepoint_small_file" time="0.006" /><testcase classname="tests.unit.test_transfer.TestGraphTransferClient" name="test_upload_file_to_sharepoint_large_file" time="1.467" /><testcase classname="tests.unit.test_transfer.TestGraphTransferClient" name="test_list_drive_items" time="0.002" /><testcase classname="tests.unit.test_transfer.TestGraphTransferClient" name="test_create_folder" time="0.004" /><testcase classname="tests.unit.test_transfer.TestGraphTransferClient" name="test_acquire_token" time="0.002" /><testcase classname="tests.unit.test_transfer.TestGraphTransferClient" name="test_headers" time="0.001" /><testcase classname="tests.unit.test_transfer.TestGraphTransferClient" name="test_ensure_sharepoint_folder" time="0.003" /><testcase classname="tests.unit.test_transfer.TestGraphTransferClient" name="test_upload_with_error_handling" time="0.002" /><testcase classname="tests.unit.test_transfer.TestGraphTransferClient" name="test_list_drive_items_timeout_error" time="0.002" /><testcase classname="tests.unit.test_transfer.TestGraphTransferClient" name="test_list_drive_items_request_error" time="0.002" /><testcase classname="tests.unit.test_transfer.TestGraphTransferClient" name="test_ensure_sharepoint_folder_error_handling" time="0.004" /><testcase classname="tests.unit.test_transfer.TestGraphTransferClient" name="test_get_onedrive_file_stream_error" time="0.002" /><testcase classname="tests.unit.test_transfer.TestGraphTransferClient" name="test_create_upload_session_error" time="0.002" /><testcase classname="tests.unit.test_transfer.TestGraphTransferClient" name="test_import_error_fallback" time="0.000" /><testcase classname="tests.unit.test_transfer.TestGraphTransferClient" name="test_build_onedrive_download_url_with_drive_id" time="0.000" /><testcase classname="tests.unit.test_transfer.TestGraphTransferClient" name="test_build_onedrive_download_url_without_drive_id" time="0.001" /><testcase classname="tests.unit.test_transfer.TestGraphTransferClient" name="test_build_onedrive_download_url_empty_drive_id" time="0.001" /><testcase classname="tests.unit.test_transfer.TestGraphTransferClient" name="test_filter_skipped_targets" time="0.003" /><testcase classname="tests.unit.test_transfer.TestGraphTransferClient" name="test_save_file_targets" time="0.004" /><testcase classname="tests.unit.test_transfer.TestGraphTransferClient" name="test_collect_file_targets_from_onedrive" time="0.002" /><testcase classname="tests.unit.test_transfer.TestGraphTransferClient" name="test_collect_file_targets_progress_logging" time="0.003" /><testcase classname="tests.unit.test_transfer.TestGraphTransferClient" name="test_list_onedrive_items_with_path_user_principal" time="0.002" /><testcase classname="tests.unit.test_transfer.TestGraphTransferClient" name="test_list_onedrive_items_with_path_drive_id" time="0.003" /><testcase classname="tests.unit.test_transfer.TestGraphTransferClient" name="test_list_onedrive_items_with_path_no_params_error" time="0.002" /><testcase classname="tests.unit.test_transfer.TestGraphTransferClient" name="test_list_onedrive_items_with_path_timeout_error" time="0.002" /><testcase classname="tests.unit.test_transfer.TestGraphTransferClient" name="test_list_onedrive_items_with_path_request_error" time="0.002" /><testcase classname="tests.unit.test_transfer.TestGraphTransferClient" name="test_list_onedrive_items_with_path_recursive" time="0.002" /><testcase classname="tests.unit.test_transfer.TestGraphTransferClient" name="test_create_folder_conflict_handling" time="0.002" /><testcase classname="tests.unit.test_transfer.TestGraphTransferClient" name="test_ensure_sharepoint_folder_empty_path" time="0.002" /><testcase classname="tests.unit.test_transfer.TestGraphTransferClient" name="test_ensure_sharepoint_folder_existing_folder" time="0.002" /><testcase classname="tests.unit.test_transfer.TestGraphTransferClient" name="test_upload_small_file_fallback_path" time="0.003" /><testcase classname="tests.unit.test_transfer.TestGraphTransferClient" name="test_upload_small_file_file_info_error" time="0.002" /><testcase classname="tests.unit.test_transfer.TestGraphTransferClient" name="test_upload_small_file_no_download_url" time="0.002" /><testcase classname="tests.unit.test_transfer.TestGraphTransferClient" name="test_upload_large_file_complete_flow" time="0.004" /><testcase classname="tests.unit.test_transfer.TestGraphTransferClient" name="test_create_upload_session" time="0.002" /><testcase classname="tests.unit.test_transfer.TestGraphTransferClient" name="test_get_onedrive_file_stream_with_file_id" time="0.002" /><testcase classname="tests.unit.test_transfer.TestGraphTransferClient" name="test_get_onedrive_file_stream_fallback_path" time="0.002" /><testcase classname="tests.unit.test_transfer.TestGraphTransferClient" name="test_get_onedrive_file_stream_file_info_error" time="0.002" /><testcase classname="tests.unit.test_transfer.TestGraphTransferClient" name="test_get_onedrive_file_stream_no_download_url" time="0.003" /><testcase classname="tests.unit.test_transfer.TestGraphTransferClient" name="test_upload_chunk" time="0.003" /><testcase classname="tests.unit.test_transfer.TestGraphTransferClient" name="test_list_drive_items_recursive_folder_handling" time="0.002" /><testcase classname="tests.unit.test_transfer.TestGraphTransferClient" name="test_filter_skipped_targets_with_default_path" time="0.002" /><testcase classname="tests.unit.test_transfer.TestGraphTransferClient" name="test_collect_file_targets_duplicate_handling" time="0.002" /><testcase classname="tests.unit.test_watchdog.TestLogWatchdog" name="test_log_watchdog" time="0.002" /><testcase classname="tests.unit.test_watchdog.TestGetLogMtime" name="test_get_log_mtime_file_exists" time="0.001" /><testcase classname="tests.unit.test_watchdog.TestGetLogMtime" name="test_get_log_mtime_file_not_found" time="0.000" /><testcase classname="tests.unit.test_watchdog.TestGetTailLines" name="test_get_tail_lines_sufficient_lines" time="0.002" /><testcase classname="tests.unit.test_watchdog.TestGetTailLines" name="test_get_tail_lines_insufficient_lines" time="0.001" /><testcase classname="tests.unit.test_watchdog.TestGetTailLines" name="test_get_tail_lines_file_not_found" time="0.000" /><testcase classname="tests.unit.test_watchdog.TestFormatTimeDiff" name="test_format_time_diff_seconds" time="0.000" /><testcase classname="tests.unit.test_watchdog.TestFormatTimeDiff" name="test_format_time_diff_minutes" time="0.000" /><testcase classname="tests.unit.test_watchdog.TestFormatTimeDiff" name="test_format_time_diff_hours" time="0.000" /><testcase classname="tests.unit.test_watchdog.TestIsTransferRemaining" name="test_is_transfer_remaining_true" time="0.003" /><testcase classname="tests.unit.test_watchdog.TestIsTransferRemaining" name="test_is_transfer_remaining_false" time="0.003" /><testcase classname="tests.unit.test_watchdog.TestIsTransferRemaining" name="test_is_transfer_remaining_error" time="0.001" /><testcase classname="tests.unit.test_watchdog.TestHandleProcessTermination" name="test_handle_process_termination_success_with_remaining" time="0.001" /><testcase classname="tests.unit.test_watchdog.TestHandleProcessTermination" name="test_handle_process_termination_success_complete" time="0.001" /><testcase classname="tests.unit.test_watchdog.TestHandleProcessTermination" name="test_handle_process_termination_error" time="0.001" /><testcase classname="tests.unit.test_watchdog.TestHandleFreezeDetection" name="test_handle_freeze_detection_with_logs" time="0.001" /><testcase classname="tests.unit.test_watchdog.TestHandleFreezeDetection" name="test_handle_freeze_detection_timeout_kill" time="0.001" /><testcase classname="tests.unit.test_watchdog.TestStartMainProcess" name="test_start_main_process" time="0.002" /><testcase classname="tests.unit.test_watchdog.TestMonitorProcess" name="test_monitor_process_natural_termination" time="0.001" /><testcase classname="tests.unit.test_watchdog.TestMonitorProcess" name="test_monitor_process_log_update" time="0.001" /><testcase classname="tests.unit.test_watchdog.TestMonitorProcess" name="test_monitor_process_timeout" time="0.001" /><testcase classname="tests.unit.test_watchdog.TestHandleKeyboardInterrupt" name="test_handle_keyboard_interrupt_with_running_process" time="0.001" /><testcase classname="tests.unit.test_watchdog.TestHandleKeyboardInterrupt" name="test_handle_keyboard_interrupt_with_terminated_process" time="0.001" /><testcase classname="tests.unit.test_watchdog.TestHandleKeyboardInterrupt" name="test_handle_keyboard_interrupt_timeout_kill" time="0.001" /><testcase classname="tests.unit.test_watchdog.TestMain" name="test_main_complete_on_first_run" time="0.001" /><testcase classname="tests.unit.test_watchdog.TestMain" name="test_main_restart_cycle" time="0.001" /><testcase classname="tests.unit.test_watchdog.TestMain" name="test_main_keyboard_interrupt" time="0.001" /><testcase classname="tests.unit.test_watchdog.TestMain" name="test_main_short_runtime_delay" time="0.001" /><testcase classname="tests.security.test_security_scan.TestSecurityScanner" name="test_run_bandit_scan_success" time="0.001" /><testcase classname="tests.security.test_security_scan.TestSecurityScanner" name="test_run_bandit_scan_error" time="0.001" /><testcase classname="tests.security.test_security_scan.TestSecurityScanner" name="test_run_pip_audit_success" time="0.001" /><testcase classname="tests.security.test_security_scan.TestSecurityScanner" name="test_run_pip_audit_error" time="0.001" /><testcase classname="tests.security.test_security_scan.TestSecurityScanner" name="test_generate_sbom_success" time="0.001" /><testcase classname="tests.security.test_security_scan.TestSecurityScanner" name="test_generate_sbom_error" time="0.001" /><testcase classname="tests.security.test_security_scan.TestSecurityScanner" name="test_generate_summary_report" time="0.001" /><testcase classname="tests.security.test_security_scan.TestSecurityScanner" name="test_generate_summary_report_with_errors" time="0.001" /><testcase classname="tests.security.test_security_scan.TestSecurityScanner" name="test_generate_summary_report_with_warnings" time="0.001" /><testcase classname="tests.security.test_security_scan.TestSecurityScanner" name="test_run_full_scan" time="0.001" /><testcase classname="tests.security.test_security_scan.TestSecurityScanner" name="test_reports_directory_creation" time="0.000" /><testcase classname="tests.security.test_security_scan.TestSecurityScanner" name="test_file_not_found_error_handling" time="0.001" /><testcase classname="tests.security.test_security_scan.TestSecurityScanner" name="test_general_exception_handling" time="0.001" /></testsuite></testsuites>
